<?xml version="1.0" encoding="UTF-8" ?>
<testsuite failures="0" time="19.319" errors="0" skipped="0" tests="4" name="com.cucumber.test.RunnerTest">
  <properties>
    <property name="java.runtime.name" value="OpenJDK Runtime Environment"/>
    <property name="sun.boot.library.path" value="/usr/lib/jvm/java-7-openjdk-amd64/jre/lib/amd64"/>
    <property name="java.vm.version" value="24.51-b03"/>
    <property name="java.vm.vendor" value="Oracle Corporation"/>
    <property name="java.vendor.url" value="http://java.oracle.com/"/>
    <property name="path.separator" value=":"/>
    <property name="java.vm.name" value="OpenJDK 64-Bit Server VM"/>
    <property name="file.encoding.pkg" value="sun.io"/>
    <property name="user.country" value="IN"/>
    <property name="sun.java.launcher" value="SUN_STANDARD"/>
    <property name="sun.os.patch.level" value="unknown"/>
    <property name="java.vm.specification.name" value="Java Virtual Machine Specification"/>
    <property name="user.dir" value="/home/rk/workspace/test"/>
    <property name="java.runtime.version" value="1.7.0_55-b14"/>
    <property name="java.awt.graphicsenv" value="sun.awt.X11GraphicsEnvironment"/>
    <property name="basedir" value="/home/rk/workspace/test"/>
    <property name="java.endorsed.dirs" value="/usr/lib/jvm/java-7-openjdk-amd64/jre/lib/endorsed"/>
    <property name="os.arch" value="amd64"/>
    <property name="surefire.real.class.path" value="/home/rk/workspace/test/target/surefire/surefirebooter9168509692813282995.jar"/>
    <property name="java.io.tmpdir" value="/tmp"/>
    <property name="line.separator" value="
"/>
    <property name="java.vm.specification.vendor" value="Oracle Corporation"/>
    <property name="os.name" value="Linux"/>
    <property name="sun.jnu.encoding" value="UTF-8"/>
    <property name="java.library.path" value="/usr/java/packages/lib/amd64:/usr/lib/x86_64-linux-gnu/jni:/lib/x86_64-linux-gnu:/usr/lib/x86_64-linux-gnu:/usr/lib/jni:/lib:/usr/lib"/>
    <property name="surefire.test.class.path" value="/home/rk/workspace/test/target/test-classes:/home/rk/workspace/test/target/classes:/home/rk/.m2/repository/junit/junit/4.11/junit-4.11.jar:/home/rk/.m2/repository/org/hamcrest/hamcrest-core/1.3/hamcrest-core-1.3.jar:/home/rk/.m2/repository/info/cukes/cucumber-junit/1.1.5/cucumber-junit-1.1.5.jar:/home/rk/.m2/repository/info/cukes/cucumber-core/1.1.5/cucumber-core-1.1.5.jar:/home/rk/.m2/repository/info/cukes/cucumber-html/0.2.3/cucumber-html-0.2.3.jar:/home/rk/.m2/repository/info/cukes/cucumber-java/1.1.5/cucumber-java-1.1.5.jar:/home/rk/.m2/repository/info/cukes/cucumber-picocontainer/1.1.5/cucumber-picocontainer-1.1.5.jar:/home/rk/.m2/repository/info/cukes/cucumber-jvm-deps/1.0.3/cucumber-jvm-deps-1.0.3.jar:/home/rk/.m2/repository/info/cukes/gherkin/2.12.1/gherkin-2.12.1.jar:/home/rk/.m2/repository/org/picocontainer/picocontainer/2.14.3/picocontainer-2.14.3.jar:/home/rk/.m2/repository/org/seleniumhq/selenium/selenium-java/2.44.0/selenium-java-2.44.0.jar:/home/rk/.m2/repository/org/seleniumhq/selenium/selenium-chrome-driver/2.44.0/selenium-chrome-driver-2.44.0.jar:/home/rk/.m2/repository/org/seleniumhq/selenium/selenium-remote-driver/2.44.0/selenium-remote-driver-2.44.0.jar:/home/rk/.m2/repository/cglib/cglib-nodep/2.1_3/cglib-nodep-2.1_3.jar:/home/rk/.m2/repository/com/google/code/gson/gson/2.3/gson-2.3.jar:/home/rk/.m2/repository/org/seleniumhq/selenium/selenium-api/2.44.0/selenium-api-2.44.0.jar:/home/rk/.m2/repository/com/google/guava/guava/18.0/guava-18.0.jar:/home/rk/.m2/repository/org/seleniumhq/selenium/selenium-htmlunit-driver/2.44.0/selenium-htmlunit-driver-2.44.0.jar:/home/rk/.m2/repository/net/sourceforge/htmlunit/htmlunit/2.15/htmlunit-2.15.jar:/home/rk/.m2/repository/xalan/xalan/2.7.1/xalan-2.7.1.jar:/home/rk/.m2/repository/xalan/serializer/2.7.1/serializer-2.7.1.jar:/home/rk/.m2/repository/commons-collections/commons-collections/3.2.1/commons-collections-3.2.1.jar:/home/rk/.m2/repository/org/apache/commons/commons-lang3/3.3.2/commons-lang3-3.3.2.jar:/home/rk/.m2/repository/org/apache/httpcomponents/httpmime/4.3.3/httpmime-4.3.3.jar:/home/rk/.m2/repository/commons-codec/commons-codec/1.9/commons-codec-1.9.jar:/home/rk/.m2/repository/net/sourceforge/htmlunit/htmlunit-core-js/2.15/htmlunit-core-js-2.15.jar:/home/rk/.m2/repository/xerces/xercesImpl/2.11.0/xercesImpl-2.11.0.jar:/home/rk/.m2/repository/xml-apis/xml-apis/1.4.01/xml-apis-1.4.01.jar:/home/rk/.m2/repository/net/sourceforge/nekohtml/nekohtml/1.9.21/nekohtml-1.9.21.jar:/home/rk/.m2/repository/net/sourceforge/cssparser/cssparser/0.9.14/cssparser-0.9.14.jar:/home/rk/.m2/repository/org/w3c/css/sac/1.3/sac-1.3.jar:/home/rk/.m2/repository/commons-logging/commons-logging/1.1.3/commons-logging-1.1.3.jar:/home/rk/.m2/repository/org/eclipse/jetty/jetty-websocket/8.1.15.v20140411/jetty-websocket-8.1.15.v20140411.jar:/home/rk/.m2/repository/org/eclipse/jetty/jetty-util/8.1.15.v20140411/jetty-util-8.1.15.v20140411.jar:/home/rk/.m2/repository/org/eclipse/jetty/jetty-io/8.1.15.v20140411/jetty-io-8.1.15.v20140411.jar:/home/rk/.m2/repository/org/eclipse/jetty/jetty-http/8.1.15.v20140411/jetty-http-8.1.15.v20140411.jar:/home/rk/.m2/repository/org/apache/httpcomponents/httpclient/4.3.4/httpclient-4.3.4.jar:/home/rk/.m2/repository/org/apache/httpcomponents/httpcore/4.3.2/httpcore-4.3.2.jar:/home/rk/.m2/repository/org/seleniumhq/selenium/selenium-firefox-driver/2.44.0/selenium-firefox-driver-2.44.0.jar:/home/rk/.m2/repository/commons-io/commons-io/2.4/commons-io-2.4.jar:/home/rk/.m2/repository/org/apache/commons/commons-exec/1.1/commons-exec-1.1.jar:/home/rk/.m2/repository/org/seleniumhq/selenium/selenium-ie-driver/2.44.0/selenium-ie-driver-2.44.0.jar:/home/rk/.m2/repository/net/java/dev/jna/jna/3.4.0/jna-3.4.0.jar:/home/rk/.m2/repository/net/java/dev/jna/platform/3.4.0/platform-3.4.0.jar:/home/rk/.m2/repository/org/seleniumhq/selenium/selenium-safari-driver/2.44.0/selenium-safari-driver-2.44.0.jar:/home/rk/.m2/repository/org/seleniumhq/selenium/selenium-support/2.44.0/selenium-support-2.44.0.jar:/home/rk/.m2/repository/org/webbitserver/webbit/0.4.14/webbit-0.4.14.jar:/home/rk/.m2/repository/io/netty/netty/3.5.2.Final/netty-3.5.2.Final.jar:"/>
    <property name="java.specification.name" value="Java Platform API Specification"/>
    <property name="java.class.version" value="51.0"/>
    <property name="sun.management.compiler" value="HotSpot 64-Bit Tiered Compilers"/>
    <property name="os.version" value="3.11.0-26-generic"/>
    <property name="user.home" value="/home/rk"/>
    <property name="user.timezone" value="Asia/Kolkata"/>
    <property name="java.awt.printerjob" value="sun.print.PSPrinterJob"/>
    <property name="file.encoding" value="UTF-8"/>
    <property name="java.specification.version" value="1.7"/>
    <property name="user.name" value="rk"/>
    <property name="java.class.path" value="/home/rk/workspace/test/target/test-classes:/home/rk/workspace/test/target/classes:/home/rk/.m2/repository/junit/junit/4.11/junit-4.11.jar:/home/rk/.m2/repository/org/hamcrest/hamcrest-core/1.3/hamcrest-core-1.3.jar:/home/rk/.m2/repository/info/cukes/cucumber-junit/1.1.5/cucumber-junit-1.1.5.jar:/home/rk/.m2/repository/info/cukes/cucumber-core/1.1.5/cucumber-core-1.1.5.jar:/home/rk/.m2/repository/info/cukes/cucumber-html/0.2.3/cucumber-html-0.2.3.jar:/home/rk/.m2/repository/info/cukes/cucumber-java/1.1.5/cucumber-java-1.1.5.jar:/home/rk/.m2/repository/info/cukes/cucumber-picocontainer/1.1.5/cucumber-picocontainer-1.1.5.jar:/home/rk/.m2/repository/info/cukes/cucumber-jvm-deps/1.0.3/cucumber-jvm-deps-1.0.3.jar:/home/rk/.m2/repository/info/cukes/gherkin/2.12.1/gherkin-2.12.1.jar:/home/rk/.m2/repository/org/picocontainer/picocontainer/2.14.3/picocontainer-2.14.3.jar:/home/rk/.m2/repository/org/seleniumhq/selenium/selenium-java/2.44.0/selenium-java-2.44.0.jar:/home/rk/.m2/repository/org/seleniumhq/selenium/selenium-chrome-driver/2.44.0/selenium-chrome-driver-2.44.0.jar:/home/rk/.m2/repository/org/seleniumhq/selenium/selenium-remote-driver/2.44.0/selenium-remote-driver-2.44.0.jar:/home/rk/.m2/repository/cglib/cglib-nodep/2.1_3/cglib-nodep-2.1_3.jar:/home/rk/.m2/repository/com/google/code/gson/gson/2.3/gson-2.3.jar:/home/rk/.m2/repository/org/seleniumhq/selenium/selenium-api/2.44.0/selenium-api-2.44.0.jar:/home/rk/.m2/repository/com/google/guava/guava/18.0/guava-18.0.jar:/home/rk/.m2/repository/org/seleniumhq/selenium/selenium-htmlunit-driver/2.44.0/selenium-htmlunit-driver-2.44.0.jar:/home/rk/.m2/repository/net/sourceforge/htmlunit/htmlunit/2.15/htmlunit-2.15.jar:/home/rk/.m2/repository/xalan/xalan/2.7.1/xalan-2.7.1.jar:/home/rk/.m2/repository/xalan/serializer/2.7.1/serializer-2.7.1.jar:/home/rk/.m2/repository/commons-collections/commons-collections/3.2.1/commons-collections-3.2.1.jar:/home/rk/.m2/repository/org/apache/commons/commons-lang3/3.3.2/commons-lang3-3.3.2.jar:/home/rk/.m2/repository/org/apache/httpcomponents/httpmime/4.3.3/httpmime-4.3.3.jar:/home/rk/.m2/repository/commons-codec/commons-codec/1.9/commons-codec-1.9.jar:/home/rk/.m2/repository/net/sourceforge/htmlunit/htmlunit-core-js/2.15/htmlunit-core-js-2.15.jar:/home/rk/.m2/repository/xerces/xercesImpl/2.11.0/xercesImpl-2.11.0.jar:/home/rk/.m2/repository/xml-apis/xml-apis/1.4.01/xml-apis-1.4.01.jar:/home/rk/.m2/repository/net/sourceforge/nekohtml/nekohtml/1.9.21/nekohtml-1.9.21.jar:/home/rk/.m2/repository/net/sourceforge/cssparser/cssparser/0.9.14/cssparser-0.9.14.jar:/home/rk/.m2/repository/org/w3c/css/sac/1.3/sac-1.3.jar:/home/rk/.m2/repository/commons-logging/commons-logging/1.1.3/commons-logging-1.1.3.jar:/home/rk/.m2/repository/org/eclipse/jetty/jetty-websocket/8.1.15.v20140411/jetty-websocket-8.1.15.v20140411.jar:/home/rk/.m2/repository/org/eclipse/jetty/jetty-util/8.1.15.v20140411/jetty-util-8.1.15.v20140411.jar:/home/rk/.m2/repository/org/eclipse/jetty/jetty-io/8.1.15.v20140411/jetty-io-8.1.15.v20140411.jar:/home/rk/.m2/repository/org/eclipse/jetty/jetty-http/8.1.15.v20140411/jetty-http-8.1.15.v20140411.jar:/home/rk/.m2/repository/org/apache/httpcomponents/httpclient/4.3.4/httpclient-4.3.4.jar:/home/rk/.m2/repository/org/apache/httpcomponents/httpcore/4.3.2/httpcore-4.3.2.jar:/home/rk/.m2/repository/org/seleniumhq/selenium/selenium-firefox-driver/2.44.0/selenium-firefox-driver-2.44.0.jar:/home/rk/.m2/repository/commons-io/commons-io/2.4/commons-io-2.4.jar:/home/rk/.m2/repository/org/apache/commons/commons-exec/1.1/commons-exec-1.1.jar:/home/rk/.m2/repository/org/seleniumhq/selenium/selenium-ie-driver/2.44.0/selenium-ie-driver-2.44.0.jar:/home/rk/.m2/repository/net/java/dev/jna/jna/3.4.0/jna-3.4.0.jar:/home/rk/.m2/repository/net/java/dev/jna/platform/3.4.0/platform-3.4.0.jar:/home/rk/.m2/repository/org/seleniumhq/selenium/selenium-safari-driver/2.44.0/selenium-safari-driver-2.44.0.jar:/home/rk/.m2/repository/org/seleniumhq/selenium/selenium-support/2.44.0/selenium-support-2.44.0.jar:/home/rk/.m2/repository/org/webbitserver/webbit/0.4.14/webbit-0.4.14.jar:/home/rk/.m2/repository/io/netty/netty/3.5.2.Final/netty-3.5.2.Final.jar:"/>
    <property name="java.vm.specification.version" value="1.7"/>
    <property name="sun.arch.data.model" value="64"/>
    <property name="java.home" value="/usr/lib/jvm/java-7-openjdk-amd64/jre"/>
    <property name="sun.java.command" value="/home/rk/workspace/test/target/surefire/surefirebooter9168509692813282995.jar /home/rk/workspace/test/target/surefire/surefire313443500543825508tmp /home/rk/workspace/test/target/surefire/surefire1691626942508601676tmp"/>
    <property name="java.specification.vendor" value="Oracle Corporation"/>
    <property name="user.language" value="en"/>
    <property name="awt.toolkit" value="sun.awt.X11.XToolkit"/>
    <property name="java.vm.info" value="mixed mode"/>
    <property name="java.version" value="1.7.0_55"/>
    <property name="java.ext.dirs" value="/usr/lib/jvm/java-7-openjdk-amd64/jre/lib/ext:/usr/java/packages/lib/ext"/>
    <property name="sun.boot.class.path" value="/usr/lib/jvm/java-7-openjdk-amd64/jre/lib/resources.jar:/usr/lib/jvm/java-7-openjdk-amd64/jre/lib/rt.jar:/usr/lib/jvm/java-7-openjdk-amd64/jre/lib/sunrsasign.jar:/usr/lib/jvm/java-7-openjdk-amd64/jre/lib/jsse.jar:/usr/lib/jvm/java-7-openjdk-amd64/jre/lib/jce.jar:/usr/lib/jvm/java-7-openjdk-amd64/jre/lib/charsets.jar:/usr/lib/jvm/java-7-openjdk-amd64/jre/lib/netx.jar:/usr/lib/jvm/java-7-openjdk-amd64/jre/lib/plugin.jar:/usr/lib/jvm/java-7-openjdk-amd64/jre/lib/rhino.jar:/usr/lib/jvm/java-7-openjdk-amd64/jre/lib/jfr.jar:/usr/lib/jvm/java-7-openjdk-amd64/jre/classes"/>
    <property name="java.vendor" value="Oracle Corporation"/>
    <property name="localRepository" value="/home/rk/.m2/repository"/>
    <property name="file.separator" value="/"/>
    <property name="java.vendor.url.bug" value="http://bugreport.sun.com/bugreport/"/>
    <property name="sun.cpu.endian" value="little"/>
    <property name="sun.io.unicode.encoding" value="UnicodeLittle"/>
    <property name="sun.desktop" value="gnome"/>
    <property name="sun.cpu.isalist" value=""/>
  </properties>
  <testcase time="0.001" classname="Scenario: Verify the s195 login process" name="When I am on home page"/>
  <testcase time="0.001" classname="Scenario: Verify the s195 login process" name="Then I click on Login button"/>
  <testcase time="0.001" classname="Scenario: Verify the s195 login process" name="And I Log into the site"/>
  <testcase time="0.298" classname="Scenario: Verify the s195 login process" name="Scenario: Verify the s195 login process"/>
</testsuite>